2024/08/27 02:39:59 server.go:64: INFO: Running server on :8080
2024/08/27 02:41:18 server.go:64: INFO: Running server on :8080
2024/08/27 02:42:33 server.go:64: INFO: Running server on :8080
2024/08/27 02:43:43 server.go:64: INFO: Running server on :8080
2024/08/27 02:44:22 server.go:64: INFO: Running server on :8080
2024/08/27 02:44:32 server.go:106: INFO: Starting to process pushNote request
2024/08/27 02:44:32 server.go:122: INFO: Attempting to authenticate user: testuser1
2024/08/27 02:44:32 server.go:131: INFO: Sending note to yandex speller the note
2024/08/27 02:44:32 server.go:140: INFO: Inserting note for user ID: 1
2024/08/27 02:44:32 server.go:149: INFO: Note successfully created for user ID: 1
2024/08/27 02:46:32 server.go:64: INFO: Running server on :8080
2024/08/27 02:46:42 server.go:106: INFO: Starting to process pushNote request
2024/08/27 02:46:42 server.go:122: INFO: Attempting to authenticate user: testuser1
2024/08/27 02:46:42 server.go:131: INFO: Sending note to yandex speller the note
2024/08/27 02:46:42 server.go:140: INFO: Inserting note for user ID: 1
2024/08/27 02:46:42 server.go:149: INFO: Note successfully created for user ID: 1
2024/08/27 02:47:53 server.go:64: INFO: Running server on :8080
2024/08/27 02:47:58 server.go:106: INFO: Starting to process pushNote request
2024/08/27 02:47:58 server.go:122: INFO: Attempting to authenticate user: testuser1
2024/08/27 02:47:58 server.go:131: INFO: Sending note to yandex speller the note
2024/08/27 02:47:58 server.go:140: INFO: Inserting note for user ID: 1
2024/08/27 02:47:58 server.go:149: INFO: Note successfully created for user ID: 1
